<?xml version="1.0" encoding="UTF-8"?>
<!-- Generated by org.testng.reporters.JUnitXMLReporter -->
<testsuite hostname="DESKTOP-910QTNI" ignored="0" tests="6" failures="0" timestamp="07 мая 2020 23:25:09 GMT" time="44.035" errors="0">
  <testcase name="deleteMember" time="0.699" classname="TrelloTests"/>
  <testcase name="unArchiveList" time="0.261" classname="TrelloTests"/>
  <testcase name="deleteLabel" time="0.249" classname="TrelloTests"/>
  <testcase name="deleteMemberUi" time="5.19" classname="TrelloTests"/>
  <testcase name="unArchiveListUi" time="1.313" classname="TrelloTests"/>
  <testcase name="deleteLabelUi" time="11.884" classname="TrelloTests"/>
</testsuite>
